Name                                        Application ID                                     Version                       Branch           Origin       Installation
Mattermost                                  com.mattermost.Desktop                             5.13.2                        stable           flathub      system
Peek                                        com.uploadedlobster.peek                           1.5.1                         stable           fedora       system
AusweisApp                                  de.bund.ausweisapp.ausweisapp2                     2.3.2                         stable           flathub      system
DBeaver Community                           io.dbeaver.DBeaverCommunity                        25.2.3                        stable           flathub      system
Ignition                                    io.github.flattool.Ignition                        2.1.2                         stable           flathub      system
JD-GUI                                      io.github.java_decompiler.jd-gui                   1.6.6                         stable           flathub      system
Dev Toolbox                                 me.iepure.devtoolbox                               1.3.0                         stable           flathub      system
Eclipse IDE for Java Developers             org.eclipse.Java                                   4.37                          stable           flathub      system
Fedora Platform                             org.fedoraproject.Platform                         42                            f42              fedora       system
Fedora Platform                             org.fedoraproject.Platform                         43                            f43              fedora       system
default                                     org.fedoraproject.Platform.CL.default                                            f43              fedora       system
default                                     org.fedoraproject.Platform.GL.default                                            f42              fedora       system
Mesa                                        org.fedoraproject.Platform.GL.default                                            f43              fedora       system
fedoraproject platform translations         org.fedoraproject.Platform.Locale                                                f42              fedora       system
fedoraproject platform translations         org.fedoraproject.Platform.Locale                                                f43              fedora       system
Intel                                       org.fedoraproject.Platform.VAAPI.Intel                                           f42              fedora       system
Intel                                       org.fedoraproject.Platform.VAAPI.Intel                                           f43              fedora       system
nvidia                                      org.fedoraproject.Platform.VAAPI.nvidia                                          f42              fedora       system
nvidia                                      org.fedoraproject.Platform.VAAPI.nvidia                                          f43              fedora       system
Freedesktop Platform                        org.freedesktop.Platform                           freedesktop-sdk-24.08.27      24.08            flathub      system
Freedesktop Platform                        org.freedesktop.Platform                           freedesktop-sdk-25.08.2       25.08            flathub      system
Mesa                                        org.freedesktop.Platform.GL.default                25.2.4                        24.08            flathub      system
Mesa (Extra)                                org.freedesktop.Platform.GL.default                25.2.4                        24.08extra       flathub      system
Mesa                                        org.freedesktop.Platform.GL.default                25.2.4                        25.08            flathub      system
Mesa (Extra)                                org.freedesktop.Platform.GL.default                25.2.4                        25.08-extra      flathub      system
nvidia-570-144                              org.freedesktop.Platform.GL.nvidia-570-144                                       1.4              flathub      system
nvidia-570-153-02                           org.freedesktop.Platform.GL.nvidia-570-153-02                                    1.4              flathub      system
nvidia-575-57-08                            org.freedesktop.Platform.GL.nvidia-575-57-08                                     1.4              flathub      system
nvidia-575-64                               org.freedesktop.Platform.GL.nvidia-575-64                                        1.4              flathub      system
nvidia-575-64-03                            org.freedesktop.Platform.GL.nvidia-575-64-03                                     1.4              flathub      system
nvidia-575-64-05                            org.freedesktop.Platform.GL.nvidia-575-64-05                                     1.4              flathub      system
nvidia-580-82-07                            org.freedesktop.Platform.GL.nvidia-580-82-07                                     1.4              flathub      system
nvidia-580-82-09                            org.freedesktop.Platform.GL.nvidia-580-82-09                                     1.4              flathub      system
nvidia-580-95-05                            org.freedesktop.Platform.GL.nvidia-580-95-05                                     1.4              flathub      system
Intel VAAPI driver                          org.freedesktop.Platform.VAAPI.Intel                                             24.08            flathub      system
Intel VAAPI driver                          org.freedesktop.Platform.VAAPI.Intel                                             25.08            flathub      system
Nvidia VAAPI driver                         org.freedesktop.Platform.VAAPI.nvidia                                            25.08            flathub      system
Codecs Extra Extension                      org.freedesktop.Platform.codecs-extra                                            25.08-extra      flathub      system
openh264                                    org.freedesktop.Platform.openh264                  2.5.1                         2.5.1            flathub      system
GNU Image Manipulation Program              org.gimp.GIMP                                      3.0.4                         stable           fedora       system
GNOME Application Platform version 48       org.gnome.Platform                                                               48               flathub      system
GNOME Application Platform version 49       org.gnome.Platform                                                               49               flathub      system
Adwaita theme                               org.kde.KStyle.Adwaita                                                           6.9              flathub      system
KDE Application Platform                    org.kde.Platform                                                                 6.9              flathub      system
Helvum                                      org.pipewire.Helvum                                0.5.1                         stable           flathub      system
